<?xml version="1.0" encoding="UTF-8"?>
<!-- Generated by org.testng.reporters.JUnitReportReporter -->
<testsuite hostname="OsamaAwad" failures="0" tests="1" name="com.qacart.todo.testcases.LoginTest" time="12.979" errors="0" timestamp="2023-02-11T22:11:36 EET" skipped="0">
  <testcase classname="com.qacart.todo.testcases.LoginTest" name="shouldBeAbleToLoginWithEmailAndPassword" time="12.979"/>
  <system-out/>
</testsuite> <!-- com.qacart.todo.testcases.LoginTest -->
