<?xml version="1.0" encoding="UTF-8"?>
<!-- Generated by org.testng.reporters.JUnitReportReporter -->
<testsuite hostname="OsamaAwad" failures="0" tests="2" name="com.qacart.todo.testcases.TodoTest" time="28.505" errors="0" timestamp="2023-02-11T22:11:36 EET" skipped="0">
  <testcase classname="com.qacart.todo.testcases.TodoTest" name="shouldBeAbleToDeleteTodo" time="14.465"/>
  <system-out/>
  <testcase classname="com.qacart.todo.testcases.TodoTest" name="shouldBeAbleToAddNewTodo" time="14.040"/>
  <system-out/>
</testsuite> <!-- com.qacart.todo.testcases.TodoTest -->
